<?xml version="1.0" encoding="UTF-8"?>
<!-- Generated by org.testng.reporters.JUnitXMLReporter -->
<testsuite ignored="0" hostname="Abhisek-mohanta" failures="0" tests="15" name="Test" time="30.472" errors="0" timestamp="2024-03-18T10:36:08 IST">
  <testcase classname="testcases.ShoppingCartAutomationL1TestCases" name="verifyNavigateTotTheShoppingCartpage" time="0.215"/>
  <testcase classname="testcases.ShoppingCartAutomationL1TestCases" name="checkShopMenuIsPresent" time="0.187"/>
  <testcase classname="testcases.ShoppingCartAutomationL1TestCases" name="clickOnShopMenuAndValidateTheTitle" time="2.786"/>
  <testcase classname="testcases.ShoppingCartAutomationL1TestCases" name="clickOnLogoAndVerifyItIsNavigateToTheHomePage" time="2.832"/>
  <testcase classname="testcases.ShoppingCartAutomationL1TestCases" name="checkIfHomePageHasASectionOfNewArrivals" time="0.338"/>
  <testcase classname="testcases.ShoppingCartAutomationL1TestCases" name="checkArrivalsSectionHasExactly3ProductsEnlisted" time="0.589"/>
  <testcase classname="testcases.ShoppingCartAutomationL1TestCases" name="clickOnSeleniumRubyProductAndValidateTheTitleOfThisPage" time="7.414"/>
  <testcase classname="testcases.ShoppingCartAutomationL1TestCases" name="verifyAddBasketButtonIsPresentAndClickOnAddBasket" time="1.873"/>
  <testcase classname="testcases.ShoppingCartAutomationL1TestCases" name="viewBasketButtonIsPresentAndClickOnIt" time="1.774"/>
  <testcase classname="testcases.ShoppingCartAutomationL1TestCases" name="userIsNavigateToTheBasketPage" time="0.083"/>
  <testcase classname="testcases.ShoppingCartAutomationL1TestCases" name="seleniumRubyIsPresentInsideTheCartPage" time="0.117"/>
  <testcase classname="testcases.ShoppingCartAutomationL1TestCases" name="verifyThatSeleniumRubyProductPriceIs500" time="0.171"/>
  <testcase classname="testcases.ShoppingCartAutomationL1TestCases" name="verifyThatSeleniumRubyProductQuantityIsOne" time="0.108"/>
  <testcase classname="testcases.ShoppingCartAutomationL1TestCases" name="verifyThatSeleniumrubyProductTotalPriceIs500" time="0.143"/>
  <testcase classname="testcases.ShoppingCartAutomationL1TestCases" name="verifyThatSubTotalAndTaxAndTotalFieldHasContainsAmount" time="0.329"/>
</testsuite> <!-- Test -->
