<?xml version="1.0" encoding="UTF-8"?>
<!-- Generated by org.testng.reporters.JUnitXMLReporter -->
<testsuite ignored="0" hostname="Abhisek-mohanta" failures="0" tests="20" name="Test" time="47.174" errors="0" timestamp="2024-03-13T21:44:53 IST">
  <testcase classname="testcases.ShoppingCartAutomationL1TestCases" name="verifyNavigateTotTheShoppingCartpage" time="0.133"/>
  <testcase classname="testcases.ShoppingCartAutomationL1TestCases" name="checkShopMenuIsPresent" time="0.135"/>
  <testcase classname="testcases.ShoppingCartAutomationL1TestCases" name="clickOnShopMenuAndValidateTheTitle" time="4.476"/>
  <testcase classname="testcases.ShoppingCartAutomationL1TestCases" name="clickOnLogoAndVerifyItIsNavigateToTheHomePage" time="3.661"/>
  <testcase classname="testcases.ShoppingCartAutomationL1TestCases" name="checkIfHomePageHasASectionOfNewArrivals" time="0.173"/>
  <testcase classname="testcases.ShoppingCartAutomationL1TestCases" name="checkArrivalsSectionHasExactly3ProductsEnlisted" time="0.338"/>
  <testcase classname="testcases.ShoppingCartAutomationL1TestCases" name="clickOnSeleniumRubyProductAndValidateTheTitleOfThisPage" time="3.616"/>
  <testcase classname="testcases.ShoppingCartAutomationL2TestCases" name="goHomeIconclickonseleniumrubyThenClickOnAddToBasketThenClickOnViewBasket" time="9.572"/>
  <testcase classname="testcases.ShoppingCartAutomationL2TestCases" name="seleniumRubyProductIsPresent" time="0.182"/>
  <testcase classname="testcases.ShoppingCartAutomationL1TestCases" name="verifyAddBasketButtonIsPresentAndClickOnAddBasket" time="3.176"/>
  <testcase classname="testcases.ShoppingCartAutomationL2TestCases" name="verifyCouponCodeFieldAndApplyCouponButtonIsPresent" time="0.217"/>
  <testcase classname="testcases.ShoppingCartAutomationL2TestCases" name="priceDefinedAfterProductName" time="0.213"/>
  <testcase classname="testcases.ShoppingCartAutomationL2TestCases" name="quantityDefinedAfterProductPrice" time="0.22"/>
  <testcase classname="testcases.ShoppingCartAutomationL2TestCases" name="totalDefinedIsPresentAfterQuantity" time="0.163"/>
  <testcase classname="testcases.ShoppingCartAutomationL2TestCases" name="removeIconIsPresentAndRemoveTheProduct" time="1.021"/>
  <testcase classname="testcases.ShoppingCartAutomationL2TestCases" name="validateTheMessageAfterRemovingAProduct" time="0.183"/>
  <testcase classname="testcases.ShoppingCartAutomationL1TestCases" name="viewBasketButtonIsPresentAndClickOnIt" time="3.047"/>
  <testcase classname="testcases.ShoppingCartAutomationL1TestCases" name="userIsNavigateToTheBasketPage" time="0.079"/>
  <testcase classname="testcases.ShoppingCartAutomationL2TestCases" name="gotoTheHomeIconclickonseleniumrubyThenClickOnAddToBasketThenClickOnViewBasket" time="8.684"/>
  <testcase classname="testcases.ShoppingCartAutomationL2TestCases" name="validateIfWeHaveAProceedToCheckoutButtonOrNot" time="0.098"/>
</testsuite> <!-- Test -->
