<?xml version="1.0" encoding="UTF-8"?>
<testng-results ignored="0" total="15" passed="15" failed="0" skipped="0">
  <reporter-output>
  </reporter-output>
  <suite started-at="2024-03-18T10:35:37 IST" name="Suite" finished-at="2024-03-18T10:36:07 IST" duration-ms="30472">
    <groups>
      <group name="sanity">
        <method signature="ShoppingCartAutomationL1TestCases.verifyNavigateTotTheShoppingCartpage()[pri:1, instance:testcases.ShoppingCartAutomationL1TestCases@560cbf1a]" name="verifyNavigateTotTheShoppingCartpage" class="testcases.ShoppingCartAutomationL1TestCases"/>
        <method signature="ShoppingCartAutomationL1TestCases.checkShopMenuIsPresent()[pri:2, instance:testcases.ShoppingCartAutomationL1TestCases@560cbf1a]" name="checkShopMenuIsPresent" class="testcases.ShoppingCartAutomationL1TestCases"/>
        <method signature="ShoppingCartAutomationL1TestCases.clickOnShopMenuAndValidateTheTitle()[pri:3, instance:testcases.ShoppingCartAutomationL1TestCases@560cbf1a]" name="clickOnShopMenuAndValidateTheTitle" class="testcases.ShoppingCartAutomationL1TestCases"/>
        <method signature="ShoppingCartAutomationL1TestCases.clickOnLogoAndVerifyItIsNavigateToTheHomePage()[pri:4, instance:testcases.ShoppingCartAutomationL1TestCases@560cbf1a]" name="clickOnLogoAndVerifyItIsNavigateToTheHomePage" class="testcases.ShoppingCartAutomationL1TestCases"/>
        <method signature="ShoppingCartAutomationL1TestCases.checkIfHomePageHasASectionOfNewArrivals()[pri:5, instance:testcases.ShoppingCartAutomationL1TestCases@560cbf1a]" name="checkIfHomePageHasASectionOfNewArrivals" class="testcases.ShoppingCartAutomationL1TestCases"/>
        <method signature="ShoppingCartAutomationL1TestCases.checkArrivalsSectionHasExactly3ProductsEnlisted()[pri:6, instance:testcases.ShoppingCartAutomationL1TestCases@560cbf1a]" name="checkArrivalsSectionHasExactly3ProductsEnlisted" class="testcases.ShoppingCartAutomationL1TestCases"/>
        <method signature="ShoppingCartAutomationL1TestCases.clickOnSeleniumRubyProductAndValidateTheTitleOfThisPage()[pri:7, instance:testcases.ShoppingCartAutomationL1TestCases@560cbf1a]" name="clickOnSeleniumRubyProductAndValidateTheTitleOfThisPage" class="testcases.ShoppingCartAutomationL1TestCases"/>
        <method signature="ShoppingCartAutomationL1TestCases.verifyAddBasketButtonIsPresentAndClickOnAddBasket()[pri:8, instance:testcases.ShoppingCartAutomationL1TestCases@560cbf1a]" name="verifyAddBasketButtonIsPresentAndClickOnAddBasket" class="testcases.ShoppingCartAutomationL1TestCases"/>
        <method signature="ShoppingCartAutomationL1TestCases.viewBasketButtonIsPresentAndClickOnIt()[pri:9, instance:testcases.ShoppingCartAutomationL1TestCases@560cbf1a]" name="viewBasketButtonIsPresentAndClickOnIt" class="testcases.ShoppingCartAutomationL1TestCases"/>
        <method signature="ShoppingCartAutomationL1TestCases.userIsNavigateToTheBasketPage()[pri:10, instance:testcases.ShoppingCartAutomationL1TestCases@560cbf1a]" name="userIsNavigateToTheBasketPage" class="testcases.ShoppingCartAutomationL1TestCases"/>
        <method signature="ShoppingCartAutomationL1TestCases.seleniumRubyIsPresentInsideTheCartPage()[pri:11, instance:testcases.ShoppingCartAutomationL1TestCases@560cbf1a]" name="seleniumRubyIsPresentInsideTheCartPage" class="testcases.ShoppingCartAutomationL1TestCases"/>
        <method signature="ShoppingCartAutomationL1TestCases.verifyThatSeleniumRubyProductPriceIs500()[pri:12, instance:testcases.ShoppingCartAutomationL1TestCases@560cbf1a]" name="verifyThatSeleniumRubyProductPriceIs500" class="testcases.ShoppingCartAutomationL1TestCases"/>
        <method signature="ShoppingCartAutomationL1TestCases.verifyThatSeleniumRubyProductQuantityIsOne()[pri:13, instance:testcases.ShoppingCartAutomationL1TestCases@560cbf1a]" name="verifyThatSeleniumRubyProductQuantityIsOne" class="testcases.ShoppingCartAutomationL1TestCases"/>
        <method signature="ShoppingCartAutomationL1TestCases.verifyThatSeleniumrubyProductTotalPriceIs500()[pri:14, instance:testcases.ShoppingCartAutomationL1TestCases@560cbf1a]" name="verifyThatSeleniumrubyProductTotalPriceIs500" class="testcases.ShoppingCartAutomationL1TestCases"/>
        <method signature="ShoppingCartAutomationL1TestCases.verifyThatSubTotalAndTaxAndTotalFieldHasContainsAmount()[pri:15, instance:testcases.ShoppingCartAutomationL1TestCases@560cbf1a]" name="verifyThatSubTotalAndTaxAndTotalFieldHasContainsAmount" class="testcases.ShoppingCartAutomationL1TestCases"/>
      </group> <!-- sanity -->
    </groups>
    <test started-at="2024-03-18T10:35:37 IST" name="Test" finished-at="2024-03-18T10:36:07 IST" duration-ms="30472">
      <class name="testcases.ShoppingCartAutomationL1TestCases">
        <test-method is-config="true" signature="initBrowser(java.lang.String,java.lang.String)[pri:0, instance:testcases.ShoppingCartAutomationL1TestCases@560cbf1a]" started-at="2024-03-18T10:35:37 IST" name="initBrowser" finished-at="2024-03-18T10:35:48 IST" duration-ms="11026" status="PASS">
          <params>
            <param index="0">
              <value>
                <![CDATA[chrome]]>
              </value>
            </param>
            <param index="1">
              <value>
                <![CDATA[dev]]>
              </value>
            </param>
          </params>
          <reporter-output>
          </reporter-output>
        </test-method> <!-- initBrowser -->
        <test-method signature="verifyNavigateTotTheShoppingCartpage()[pri:1, instance:testcases.ShoppingCartAutomationL1TestCases@560cbf1a]" started-at="2024-03-18T10:35:48 IST" name="verifyNavigateTotTheShoppingCartpage" description="Verify navigate to the shopping cart home page" finished-at="2024-03-18T10:35:48 IST" duration-ms="215" status="PASS">
          <reporter-output>
          </reporter-output>
        </test-method> <!-- verifyNavigateTotTheShoppingCartpage -->
        <test-method signature="checkShopMenuIsPresent()[pri:2, instance:testcases.ShoppingCartAutomationL1TestCases@560cbf1a]" started-at="2024-03-18T10:35:48 IST" name="checkShopMenuIsPresent" description="Check Shop Menu Option is present or not" finished-at="2024-03-18T10:35:49 IST" duration-ms="187" status="PASS">
          <reporter-output>
          </reporter-output>
        </test-method> <!-- checkShopMenuIsPresent -->
        <test-method signature="clickOnShopMenuAndValidateTheTitle()[pri:3, instance:testcases.ShoppingCartAutomationL1TestCases@560cbf1a]" started-at="2024-03-18T10:35:49 IST" name="clickOnShopMenuAndValidateTheTitle" description="Click on “Shop” Menu Option and validate successfully navigate to the shop page or not" finished-at="2024-03-18T10:35:51 IST" duration-ms="2786" status="PASS">
          <reporter-output>
          </reporter-output>
        </test-method> <!-- clickOnShopMenuAndValidateTheTitle -->
        <test-method signature="clickOnLogoAndVerifyItIsNavigateToTheHomePage()[pri:4, instance:testcases.ShoppingCartAutomationL1TestCases@560cbf1a]" started-at="2024-03-18T10:35:51 IST" name="clickOnLogoAndVerifyItIsNavigateToTheHomePage" description="Click on the Automation practice site logo Verify navigate to the home page by clicking on the Logo" finished-at="2024-03-18T10:35:54 IST" duration-ms="2832" status="PASS">
          <reporter-output>
          </reporter-output>
        </test-method> <!-- clickOnLogoAndVerifyItIsNavigateToTheHomePage -->
        <test-method signature="checkIfHomePageHasASectionOfNewArrivals()[pri:5, instance:testcases.ShoppingCartAutomationL1TestCases@560cbf1a]" started-at="2024-03-18T10:35:54 IST" name="checkIfHomePageHasASectionOfNewArrivals" description="Check if Home page has a section of new arrivals" finished-at="2024-03-18T10:35:54 IST" duration-ms="338" status="PASS">
          <reporter-output>
          </reporter-output>
        </test-method> <!-- checkIfHomePageHasASectionOfNewArrivals -->
        <test-method signature="checkArrivalsSectionHasExactly3ProductsEnlisted()[pri:6, instance:testcases.ShoppingCartAutomationL1TestCases@560cbf1a]" started-at="2024-03-18T10:35:55 IST" name="checkArrivalsSectionHasExactly3ProductsEnlisted" description="Check of “Arrivals” section has exactly 3 products enlisted" finished-at="2024-03-18T10:35:55 IST" duration-ms="589" status="PASS">
          <reporter-output>
          </reporter-output>
        </test-method> <!-- checkArrivalsSectionHasExactly3ProductsEnlisted -->
        <test-method signature="clickOnSeleniumRubyProductAndValidateTheTitleOfThisPage()[pri:7, instance:testcases.ShoppingCartAutomationL1TestCases@560cbf1a]" started-at="2024-03-18T10:35:55 IST" name="clickOnSeleniumRubyProductAndValidateTheTitleOfThisPage" description="Click on Selenium Ruby Product and validate the title of the page" finished-at="2024-03-18T10:36:03 IST" duration-ms="7414" status="PASS">
          <reporter-output>
          </reporter-output>
        </test-method> <!-- clickOnSeleniumRubyProductAndValidateTheTitleOfThisPage -->
        <test-method signature="verifyAddBasketButtonIsPresentAndClickOnAddBasket()[pri:8, instance:testcases.ShoppingCartAutomationL1TestCases@560cbf1a]" started-at="2024-03-18T10:36:03 IST" name="verifyAddBasketButtonIsPresentAndClickOnAddBasket" description="Check product details page has an option ADD TO BASKET and Click on ADD TO BASKET" finished-at="2024-03-18T10:36:04 IST" duration-ms="1873" status="PASS">
          <reporter-output>
          </reporter-output>
        </test-method> <!-- verifyAddBasketButtonIsPresentAndClickOnAddBasket -->
        <test-method signature="viewBasketButtonIsPresentAndClickOnIt()[pri:9, instance:testcases.ShoppingCartAutomationL1TestCases@560cbf1a]" started-at="2024-03-18T10:36:04 IST" name="viewBasketButtonIsPresentAndClickOnIt" description="Verify that view basket button is present after click on add to basket and click on View basket" finished-at="2024-03-18T10:36:06 IST" duration-ms="1774" status="PASS">
          <reporter-output>
          </reporter-output>
        </test-method> <!-- viewBasketButtonIsPresentAndClickOnIt -->
        <test-method signature="userIsNavigateToTheBasketPage()[pri:10, instance:testcases.ShoppingCartAutomationL1TestCases@560cbf1a]" started-at="2024-03-18T10:36:06 IST" name="userIsNavigateToTheBasketPage" description="Verify that user is navigate to the  Cart or Basket page" finished-at="2024-03-18T10:36:06 IST" duration-ms="83" status="PASS">
          <reporter-output>
          </reporter-output>
        </test-method> <!-- userIsNavigateToTheBasketPage -->
        <test-method signature="seleniumRubyIsPresentInsideTheCartPage()[pri:11, instance:testcases.ShoppingCartAutomationL1TestCases@560cbf1a]" started-at="2024-03-18T10:36:06 IST" name="seleniumRubyIsPresentInsideTheCartPage" description="Verify after adding selenium ruby product in to cart verify the selenium ruby product is present inside the Cart page." finished-at="2024-03-18T10:36:06 IST" duration-ms="117" status="PASS">
          <reporter-output>
          </reporter-output>
        </test-method> <!-- seleniumRubyIsPresentInsideTheCartPage -->
        <test-method signature="verifyThatSeleniumRubyProductPriceIs500()[pri:12, instance:testcases.ShoppingCartAutomationL1TestCases@560cbf1a]" started-at="2024-03-18T10:36:06 IST" name="verifyThatSeleniumRubyProductPriceIs500" description="Verify that selenium ruby product price is 500 in the Cart page" finished-at="2024-03-18T10:36:07 IST" duration-ms="171" status="PASS">
          <reporter-output>
          </reporter-output>
        </test-method> <!-- verifyThatSeleniumRubyProductPriceIs500 -->
        <test-method signature="verifyThatSeleniumRubyProductQuantityIsOne()[pri:13, instance:testcases.ShoppingCartAutomationL1TestCases@560cbf1a]" started-at="2024-03-18T10:36:07 IST" name="verifyThatSeleniumRubyProductQuantityIsOne" description="Verify that selenium ruby product quantity is one." finished-at="2024-03-18T10:36:07 IST" duration-ms="108" status="PASS">
          <reporter-output>
          </reporter-output>
        </test-method> <!-- verifyThatSeleniumRubyProductQuantityIsOne -->
        <test-method signature="verifyThatSeleniumrubyProductTotalPriceIs500()[pri:14, instance:testcases.ShoppingCartAutomationL1TestCases@560cbf1a]" started-at="2024-03-18T10:36:07 IST" name="verifyThatSeleniumrubyProductTotalPriceIs500" description="Verify that selenium ruby product total price is 500" finished-at="2024-03-18T10:36:07 IST" duration-ms="143" status="PASS">
          <reporter-output>
          </reporter-output>
        </test-method> <!-- verifyThatSeleniumrubyProductTotalPriceIs500 -->
        <test-method signature="verifyThatSubTotalAndTaxAndTotalFieldHasContainsAmount()[pri:15, instance:testcases.ShoppingCartAutomationL1TestCases@560cbf1a]" started-at="2024-03-18T10:36:07 IST" name="verifyThatSubTotalAndTaxAndTotalFieldHasContainsAmount" description="Verify that SubTotal,Tax and Total fieled has contains amount as per the selenium ruby product" finished-at="2024-03-18T10:36:07 IST" duration-ms="329" status="PASS">
          <reporter-output>
          </reporter-output>
        </test-method> <!-- verifyThatSubTotalAndTaxAndTotalFieldHasContainsAmount -->
        <test-method is-config="true" signature="tearDown()[pri:0, instance:testcases.ShoppingCartAutomationL1TestCases@560cbf1a]" started-at="2024-03-18T10:36:07 IST" name="tearDown" finished-at="2024-03-18T10:36:07 IST" duration-ms="337" status="PASS">
          <reporter-output>
          </reporter-output>
        </test-method> <!-- tearDown -->
      </class> <!-- testcases.ShoppingCartAutomationL1TestCases -->
    </test> <!-- Test -->
  </suite> <!-- Suite -->
</testng-results>
